mktextfm ecrm1095
mktextfm ecbx1095
mktextfm ecbx1728
mktextfm ecrm1728
mktextfm ptmr8t
mktextfm ecbx1440
mktextfm ecrm1440
mktextfm ecbx1200
mktextfm ecrm1200
mktextfm phvr8t
mktextfm phvr8t
mktextfm phvb8t
mktextfm nullfont
mktextfm phvbc8t
mktextfm nullfont
mktextfm phvr8t
mktextfm ptmr8t
mktextfm ptmrc8t
mktextfm ptmr8t
mktextfm ptmrc8t
mktextfm ptmr8t
mktextfm ptmrc8t
mktextfm ptmb8t
mktextfm nullfont
mktextfm ptmbc8t
mktextfm nullfont
mktextfm ptmbc8t
mktextfm nullfont
mktextfm ptmr8t
mktextfm ptmrc8t
mktextfm ptmr8t
mktextfm ptmr8t
mktextfm ptmb8t
mktextfm nullfont
mktextfm ptmb8t
mktextfm nullfont
mktextfm ptmr8t
mktextfm ptmb8t
mktextfm nullfont
mktextfm ptmb8t
mktextfm nullfont
mktextfm ptmri8t
mktextfm ecrm1095
mktextfm ecbx1095
mktextfm ecbx1728
mktextfm ecrm1728
mktextfm ptmr8t
mktextfm ecbx1440
mktextfm ecrm1440
mktextfm ecbx1200
mktextfm ecrm1200
mktextfm ecrm1095
mktextfm ecbx1095
mktextfm ecbx1728
mktextfm ecrm1728
mktextfm ptmr8t
mktextfm ecbx1440
mktextfm ecrm1440
mktextfm ecbx1200
mktextfm ecrm1200
mktextfm ecrm1095
